Determining if the pthread_create exist failed with the following output:
Change Dir: /home/allenh1/filter_ws/src/p2os/p2os_launch/build/CMakeFiles/CMakeTmp

Run Build Command:/usr/bin/make "cmTryCompileExec4158493072/fast"
make[1]: Entering directory `/home/allenh1/filter_ws/src/p2os/p2os_launch/build/CMakeFiles/CMakeTmp'
/usr/bin/make -f CMakeFiles/cmTryCompileExec4158493072.dir/build.make CMakeFiles/cmTryCompileExec4158493072.dir/build
make[2]: Entering directory `/home/allenh1/filter_ws/src/p2os/p2os_launch/build/CMakeFiles/CMakeTmp'
/usr/bin/cmake -E cmake_progress_report /home/allenh1/filter_ws/src/p2os/p2os_launch/build/CMakeFiles/CMakeTmp/CMakeFiles 1
Building C object CMakeFiles/cmTryCompileExec4158493072.dir/CheckSymbolExists.c.o
/usr/bin/cc    -o CMakeFiles/cmTryCompileExec4158493072.dir/CheckSymbolExists.c.o   -c /home/allenh1/filter_ws/src/p2os/p2os_launch/build/CMakeFiles/CMakeTmp/CheckSymbolExists.c
Linking C executable cmTryCompileExec4158493072
/usr/bin/cmake -E cmake_link_script CMakeFiles/cmTryCompileExec4158493072.dir/link.txt --verbose=1
/usr/bin/cc         CMakeFiles/cmTryCompileExec4158493072.dir/CheckSymbolExists.c.o  -o cmTryCompileExec4158493072 -rdynamic 
CMakeFiles/cmTryCompileExec4158493072.dir/CheckSymbolExists.c.o: In function `main':
CheckSymbolExists.c:(.text+0x16): undefined reference to `pthread_create'
collect2: error: ld returned 1 exit status
make[2]: *** [cmTryCompileExec4158493072] Error 1
make[2]: Leaving directory `/home/allenh1/filter_ws/src/p2os/p2os_launch/build/CMakeFiles/CMakeTmp'
make[1]: *** [cmTryCompileExec4158493072/fast] Error 2
make[1]: Leaving directory `/home/allenh1/filter_ws/src/p2os/p2os_launch/build/CMakeFiles/CMakeTmp'

File /home/allenh1/filter_ws/src/p2os/p2os_launch/build/CMakeFiles/CMakeTmp/CheckSymbolExists.c:
/* */
#include <pthread.h>

int main(int argc, char** argv)
{
  (void)argv;
#ifndef pthread_create
  return ((int*)(&pthread_create))[argc];
#else
  (void)argc;
  return 0;
#endif
}

Determining if the function pthread_create exists in the pthreads failed with the following output:
Change Dir: /home/allenh1/filter_ws/src/p2os/p2os_launch/build/CMakeFiles/CMakeTmp

Run Build Command:/usr/bin/make "cmTryCompileExec2539949815/fast"
make[1]: Entering directory `/home/allenh1/filter_ws/src/p2os/p2os_launch/build/CMakeFiles/CMakeTmp'
/usr/bin/make -f CMakeFiles/cmTryCompileExec2539949815.dir/build.make CMakeFiles/cmTryCompileExec2539949815.dir/build
make[2]: Entering directory `/home/allenh1/filter_ws/src/p2os/p2os_launch/build/CMakeFiles/CMakeTmp'
/usr/bin/cmake -E cmake_progress_report /home/allenh1/filter_ws/src/p2os/p2os_launch/build/CMakeFiles/CMakeTmp/CMakeFiles 1
Building C object CMakeFiles/cmTryCompileExec2539949815.dir/CheckFunctionExists.c.o
/usr/bin/cc   -DCHECK_FUNCTION_EXISTS=pthread_create   -o CMakeFiles/cmTryCompileExec2539949815.dir/CheckFunctionExists.c.o   -c /usr/share/cmake-2.8/Modules/CheckFunctionExists.c
Linking C executable cmTryCompileExec2539949815
/usr/bin/cmake -E cmake_link_script CMakeFiles/cmTryCompileExec2539949815.dir/link.txt --verbose=1
/usr/bin/cc     -DCHECK_FUNCTION_EXISTS=pthread_create    CMakeFiles/cmTryCompileExec2539949815.dir/CheckFunctionExists.c.o  -o cmTryCompileExec2539949815 -rdynamic -lpthreads 
/usr/bin/ld: cannot find -lpthreads
collect2: error: ld returned 1 exit status
make[2]: *** [cmTryCompileExec2539949815] Error 1
make[2]: Leaving directory `/home/allenh1/filter_ws/src/p2os/p2os_launch/build/CMakeFiles/CMakeTmp'
make[1]: *** [cmTryCompileExec2539949815/fast] Error 2
make[1]: Leaving directory `/home/allenh1/filter_ws/src/p2os/p2os_launch/build/CMakeFiles/CMakeTmp'


